[    0.000000] Initializing cgroup subsys cpuset
[    0.000000] Initializing cgroup subsys cpu
[    0.000000] Initializing cgroup subsys cpuacct
[    0.000000] Linux version 4.4.0-97-generic (buildd@lcy01-33) (gcc version 5.4.0 20160609 (Ubuntu 5.4.0-6ubuntu1~16.04.4) ) #120-Ubuntu SMP Tue Sep 19 17:28:18 UTC 2017 (Ubuntu 4.4.0-97.120-generic 4.4.87)
[    0.000000] Command line: BOOT_IMAGE=/boot/vmlinuz-4.4.0-97-generic root=LABEL=cloudimg-rootfs ro console=tty1 console=ttyS0
[    0.000000] KERNEL supported cpus:
[    0.000000]   Intel GenuineIntel
[    0.000000]   AMD AuthenticAMD
[    0.000000]   Centaur CentaurHauls
[    0.000000] x86/fpu: xstate_offset[2]:  576, xstate_sizes[2]:  256
[    0.000000] x86/fpu: Supporting XSAVE feature 0x01: 'x87 floating point registers'
[    0.000000] x86/fpu: Supporting XSAVE feature 0x02: 'SSE registers'
[    0.000000] x86/fpu: Supporting XSAVE feature 0x04: 'AVX registers'
[    0.000000] x86/fpu: Enabled xstate features 0x7, context size is 832 bytes, using 'standard' format.
[    0.000000] x86/fpu: Using 'lazy' FPU context switches.
[    0.000000] e820: BIOS-provided physical RAM map:
[    0.000000] BIOS-e820: [mem 0x0000000000000000-0x000000000009fbff] usable
[    0.000000] BIOS-e820: [mem 0x000000000009fc00-0x000000000009ffff] reserved
[    0.000000] BIOS-e820: [mem 0x00000000000f0000-0x00000000000fffff] reserved
[    0.000000] BIOS-e820: [mem 0x0000000000100000-0x000000003ffeffff] usable
[    0.000000] BIOS-e820: [mem 0x000000003fff0000-0x000000003fffffff] ACPI data
[    0.000000] BIOS-e820: [mem 0x00000000fec00000-0x00000000fec00fff] reserved
[    0.000000] BIOS-e820: [mem 0x00000000fee00000-0x00000000fee00fff] reserved
[    0.000000] BIOS-e820: [mem 0x00000000fffc0000-0x00000000ffffffff] reserved
[    0.000000] NX (Execute Disable) protection: active
[    0.000000] SMBIOS 2.5 present.
[    0.000000] Hypervisor detected: KVM
[    0.000000] e820: last_pfn = 0x3fff0 max_arch_pfn = 0x400000000
[    0.000000] MTRR: Disabled
[    0.000000] x86/PAT: MTRRs disabled, skipping PAT initialization too.
[    0.000000] CPU MTRRs all blank - virtualized system.
[    0.000000] x86/PAT: Configuration [0-7]: WB  WT  UC- UC  WB  WT  UC- UC  
[    0.000000] found SMP MP-table at [mem 0x0009fff0-0x0009ffff] mapped at [ffff88000009fff0]
[    0.000000] Scanning 1 areas for low memory corruption
[    0.000000] RAMDISK: [mem 0x36adc000-0x37565fff]
[    0.000000] ACPI: Early table checksum verification disabled
[    0.000000] ACPI: RSDP 0x00000000000E0000 000024 (v02 VBOX  )
[    0.000000] ACPI: XSDT 0x000000003FFF0030 00003C (v01 VBOX   VBOXXSDT 00000001 ASL  00000061)
[    0.000000] ACPI: FACP 0x000000003FFF00F0 0000F4 (v04 VBOX   VBOXFACP 00000001 ASL  00000061)
[    0.000000] ACPI: DSDT 0x000000003FFF0470 0021FF (v02 VBOX   VBOXBIOS 00000002 INTL 20100528)
[    0.000000] ACPI: FACS 0x000000003FFF0200 000040
[    0.000000] ACPI: FACS 0x000000003FFF0200 000040
[    0.000000] ACPI: APIC 0x000000003FFF0240 00005C (v02 VBOX   VBOXAPIC 00000001 ASL  00000061)
[    0.000000] ACPI: SSDT 0x000000003FFF02A0 0001CC (v01 VBOX   VBOXCPUT 00000002 INTL 20100528)
[    0.000000] No NUMA configuration found
[    0.000000] Faking a node at [mem 0x0000000000000000-0x000000003ffeffff]
[    0.000000] NODE_DATA(0) allocated [mem 0x3ffeb000-0x3ffeffff]
[    0.000000] kvm-clock: Using msrs 4b564d01 and 4b564d00
[    0.000000] kvm-clock: cpu 0, msr 0:3ffe3001, primary cpu clock
[    0.000000] kvm-clock: using sched offset of 3322749801 cycles
[    0.000000] clocksource: kvm-clock: mask: 0xffffffffffffffff max_cycles: 0x1cd42e4dffb, max_idle_ns: 881590591483 ns
[    0.000000] Zone ranges:
[    0.000000]   DMA      [mem 0x0000000000001000-0x0000000000ffffff]
[    0.000000]   DMA32    [mem 0x0000000001000000-0x000000003ffeffff]
[    0.000000]   Normal   empty
[    0.000000]   Device   empty
[    0.000000] Movable zone start for each node
[    0.000000] Early memory node ranges
[    0.000000]   node   0: [mem 0x0000000000001000-0x000000000009efff]
[    0.000000]   node   0: [mem 0x0000000000100000-0x000000003ffeffff]
[    0.000000] Initmem setup node 0 [mem 0x0000000000001000-0x000000003ffeffff]
[    0.000000] ACPI: PM-Timer IO Port: 0x4008
[    0.000000] IOAPIC[0]: apic_id 2, version 32, address 0xfec00000, GSI 0-23
[    0.000000] ACPI: INT_SRC_OVR (bus 0 bus_irq 0 global_irq 2 dfl dfl)
[    0.000000] ACPI: INT_SRC_OVR (bus 0 bus_irq 9 global_irq 9 high level)
[    0.000000] Using ACPI (MADT) for SMP configuration information
[    0.000000] smpboot: Allowing 2 CPUs, 0 hotplug CPUs
[    0.000000] PM: Registered nosave memory: [mem 0x00000000-0x00000fff]
[    0.000000] PM: Registered nosave memory: [mem 0x0009f000-0x0009ffff]
[    0.000000] PM: Registered nosave memory: [mem 0x000a0000-0x000effff]
[    0.000000] PM: Registered nosave memory: [mem 0x000f0000-0x000fffff]
[    0.000000] e820: [mem 0x40000000-0xfebfffff] available for PCI devices
[    0.000000] Booting paravirtualized kernel on KVM
[    0.000000] clocksource: refined-jiffies: mask: 0xffffffff max_cycles: 0xffffffff, max_idle_ns: 7645519600211568 ns
[    0.000000] setup_percpu: NR_CPUS:512 nr_cpumask_bits:512 nr_cpu_ids:2 nr_node_ids:1
[    0.000000] PERCPU: Embedded 34 pages/cpu @ffff88003fc00000 s98328 r8192 d32744 u1048576
[    0.000000] PV qspinlock hash table entries: 256 (order: 0, 4096 bytes)
[    0.000000] Built 1 zonelists in Node order, mobility grouping on.  Total pages: 257913
[    0.000000] Policy zone: DMA32
[    0.000000] Kernel command line: BOOT_IMAGE=/boot/vmlinuz-4.4.0-97-generic root=LABEL=cloudimg-rootfs ro console=tty1 console=ttyS0
[    0.000000] PID hash table entries: 4096 (order: 3, 32768 bytes)
[    0.000000] Memory: 1001772K/1048120K available (8480K kernel code, 1294K rwdata, 3984K rodata, 1492K init, 1316K bss, 46348K reserved, 0K cma-reserved)
[    0.000000] SLUB: HWalign=64, Order=0-3, MinObjects=0, CPUs=2, Nodes=1
[    0.000000] Hierarchical RCU implementation.
[    0.000000] 	Build-time adjustment of leaf fanout to 64.
[    0.000000] 	RCU restricting CPUs from NR_CPUS=512 to nr_cpu_ids=2.
[    0.000000] RCU: Adjusting geometry for rcu_fanout_leaf=64, nr_cpu_ids=2
[    0.000000] NR_IRQS:33024 nr_irqs:440 16
[    0.000000] Console: colour VGA+ 80x25
[    0.000000] console [tty1] enabled
[    0.000000] console [ttyS0] enabled
[    0.000000] tsc: Detected 1799.999 MHz processor
[    2.874291] Calibrating delay loop (skipped) preset value.. 3599.99 BogoMIPS (lpj=7199996)
[    2.878567] pid_max: default: 32768 minimum: 301
[    2.887867] ACPI: Core revision 20150930
[    2.947833] ACPI: 2 ACPI AML tables successfully acquired and loaded
[    2.981299] Security Framework initialized
[    2.982331] Yama: becoming mindful.
[    2.988766] AppArmor: AppArmor initialized
[    2.991247] Dentry cache hash table entries: 131072 (order: 8, 1048576 bytes)
[    2.993069] Inode-cache hash table entries: 65536 (order: 7, 524288 bytes)
[    3.015661] Mount-cache hash table entries: 2048 (order: 2, 16384 bytes)
[    3.127019] Mountpoint-cache hash table entries: 2048 (order: 2, 16384 bytes)
[    3.128760] Initializing cgroup subsys io
[    3.129776] Initializing cgroup subsys memory
[    3.160264] Initializing cgroup subsys devices
[    3.161485] Initializing cgroup subsys freezer
[    3.229271] Initializing cgroup subsys net_cls
[    3.260721] Initializing cgroup subsys perf_event
[    3.286368] Initializing cgroup subsys net_prio
[    3.302483] Initializing cgroup subsys hugetlb
[    3.323929] Initializing cgroup subsys pids
[    3.338460] CPU: Physical Processor ID: 0
[    3.404440] CPU: Processor Core ID: 0
[    3.414058] mce: CPU supports 0 MCE banks
[    3.415121] Last level iTLB entries: 4KB 64, 2MB 8, 4MB 8
[    3.433807] Last level dTLB entries: 4KB 64, 2MB 0, 4MB 0, 1GB 4
[    3.445394] Freeing SMP alternatives memory: 32K
[    3.463181] ftrace: allocating 32148 entries in 126 pages
[    3.547335] smpboot: APIC(0) Converting physical 0 to logical package 0
[    3.632220] smpboot: Max logical packages: 1
[    3.635873] x2apic enabled
[    3.642773] Switched APIC routing to physical x2apic.
[    3.703070] ..TIMER: vector=0x30 apic1=0 pin1=2 apic2=-1 pin2=-1
[    3.847204] smpboot: CPU0: Intel(R) Core(TM) i5-5350U CPU @ 1.80GHz (family: 0x6, model: 0x3d, stepping: 0x4)
[    3.935916] Performance Events: unsupported p6 CPU model 61 no PMU driver, software events only.
[    4.055881] KVM setup paravirtual spinlock
[    4.108907] x86: Booting SMP configuration:
[    4.161320] .... node  #0, CPUs:      #1
[    4.196603] kvm-clock: cpu 1, msr 0:3ffe3041, secondary cpu clock
[    4.198766] mce: CPU supports 0 MCE banks
[    4.204410] x86: Booted up 1 node, 2 CPUs
[    4.222626] smpboot: Total of 2 processors activated (7199.99 BogoMIPS)
[    4.288206] devtmpfs: initialized
[    4.329136] evm: security.selinux
[    4.356567] evm: security.SMACK64
[    4.384412] evm: security.SMACK64EXEC
[    4.385514] evm: security.SMACK64TRANSMUTE
[    4.424886] evm: security.SMACK64MMAP
[    4.460957] evm: security.ima
[    4.483525] evm: security.capability
[    4.515959] clocksource: jiffies: mask: 0xffffffff max_cycles: 0xffffffff, max_idle_ns: 7645041785100000 ns
[    4.573767] futex hash table entries: 512 (order: 3, 32768 bytes)
[    4.617789] pinctrl core: initialized pinctrl subsystem
[    4.645766] RTC time: 10:25:50, date: 10/18/17
[    4.654618] NET: Registered protocol family 16
[    4.708965] cpuidle: using governor ladder
[    4.760197] cpuidle: using governor menu
[    4.807786] PCCT header not found.
[    4.840150] ACPI: bus type PCI registered
[    4.868442] acpiphp: ACPI Hot Plug PCI Controller Driver version: 0.5
[    4.917864] PCI: Using configuration type 1 for base access
[    4.990192] ACPI: Added _OSI(Module Device)
[    5.023730] ACPI: Added _OSI(Processor Device)
[    5.056357] ACPI: Added _OSI(3.0 _SCP Extensions)
[    5.096720] ACPI: Added _OSI(Processor Aggregator Device)
[    5.146162] ACPI: Executed 1 blocks of module-level executable AML code
[    5.162683] ACPI: Interpreter enabled
[    5.189440] ACPI: (supports S0 S5)
[    5.220410] ACPI: Using IOAPIC for interrupt routing
[    5.264753] PCI: Using host bridge windows from ACPI; if necessary, use "pci=nocrs" and report a bug
[    5.363222] ACPI: PCI Root Bridge [PCI0] (domain 0000 [bus 00-ff])
[    5.434798] acpi PNP0A03:00: _OSC: OS supports [ASPM ClockPM Segments MSI]
[    5.448540] acpi PNP0A03:00: _OSC: not requesting OS control; OS requires [ExtendedConfig ASPM ClockPM MSI]
[    5.540870] acpi PNP0A03:00: fail to add MMCONFIG information, can't access extended PCI configuration space under this bridge.
[    5.630685] PCI host bridge to bus 0000:00
[    5.658066] pci_bus 0000:00: root bus resource [io  0x0000-0x0cf7 window]
[    5.683520] pci_bus 0000:00: root bus resource [io  0x0d00-0xffff window]
[    5.685246] pci_bus 0000:00: root bus resource [mem 0x000a0000-0x000bffff window]
[    5.729573] pci_bus 0000:00: root bus resource [mem 0x40000000-0xffdfffff window]
[    5.777157] pci_bus 0000:00: root bus resource [bus 00-ff]
[    5.838334] pci 0000:00:01.1: legacy IDE quirk: reg 0x10: [io  0x01f0-0x01f7]
[    5.924620] pci 0000:00:01.1: legacy IDE quirk: reg 0x14: [io  0x03f6]
[    5.978700] pci 0000:00:01.1: legacy IDE quirk: reg 0x18: [io  0x0170-0x0177]
[    5.987866] pci 0000:00:01.1: legacy IDE quirk: reg 0x1c: [io  0x0376]
[    6.075443] pci 0000:00:07.0: quirk: [io  0x4000-0x403f] claimed by PIIX4 ACPI
[    6.130375] pci 0000:00:07.0: quirk: [io  0x4100-0x410f] claimed by PIIX4 SMB
[    6.202751] ACPI: PCI Interrupt Link [LNKA] (IRQs 5 9 10 *11)
[    6.280693] ACPI: PCI Interrupt Link [LNKB] (IRQs 5 9 10 *11)
[    6.332485] ACPI: PCI Interrupt Link [LNKC] (IRQs 5 9 *10 11)
[    6.372011] ACPI: PCI Interrupt Link [LNKD] (IRQs 5 *9 10 11)
[    6.427715] ACPI: Enabled 2 GPEs in block 00 to 07
[    6.457467] vgaarb: setting as boot device: PCI:0000:00:02.0
[    6.513780] vgaarb: device added: PCI:0000:00:02.0,decodes=io+mem,owns=io+mem,locks=none
[    6.598840] vgaarb: loaded
[    6.621904] vgaarb: bridge control possible 0000:00:02.0
[    6.672941] SCSI subsystem initialized
[    6.705069] ACPI: bus type USB registered
[    6.742958] usbcore: registered new interface driver usbfs
[    6.762466] usbcore: registered new interface driver hub
[    6.763806] usbcore: registered new device driver usb
[    6.781717] PCI: Using ACPI for IRQ routing
[    6.796342] NetLabel: Initializing
[    6.797154] NetLabel:  domain hash size = 128
[    6.809284] NetLabel:  protocols = UNLABELED CIPSOv4
[    6.849895] NetLabel:  unlabeled traffic allowed by default
[    6.875261] amd_nb: Cannot enumerate AMD northbridges
[    6.926501] clocksource: Switched to clocksource kvm-clock
[    7.001900] AppArmor: AppArmor Filesystem Enabled
[    7.083878] pnp: PnP ACPI init
[    7.128604] pnp: PnP ACPI: found 3 devices
[    7.210798] clocksource: acpi_pm: mask: 0xffffff max_cycles: 0xffffff, max_idle_ns: 2085701024 ns
[    7.286288] NET: Registered protocol family 2
[    7.288673] TCP established hash table entries: 8192 (order: 4, 65536 bytes)
[    7.375975] TCP bind hash table entries: 8192 (order: 5, 131072 bytes)
[    7.386793] TCP: Hash tables configured (established 8192 bind 8192)
[    7.388343] UDP hash table entries: 512 (order: 2, 16384 bytes)
[    7.496119] UDP-Lite hash table entries: 512 (order: 2, 16384 bytes)
[    7.603743] NET: Registered protocol family 1
[    7.664352] pci 0000:00:00.0: Limiting direct PCI/PCI transfers
[    7.728699] pci 0000:00:01.0: Activating ISA DMA hang workarounds
[    7.815257] Unpacking initramfs...
[    9.877299] Freeing initrd memory: 10792K
[    9.941827] RAPL PMU detected, API unit is 2^-32 Joules, 4 fixed counters 10737418240 ms ovfl timer
[   10.026185] hw unit of domain pp0-core 2^-0 Joules
[   10.087168] hw unit of domain package 2^-0 Joules
[   10.112454] hw unit of domain dram 2^-0 Joules
[   10.125830] hw unit of domain pp1-gpu 2^-0 Joules
[   10.135259] platform rtc_cmos: registered platform RTC device (no PNP device found)
[   10.141476] Scanning for low memory corruption every 60 seconds
[   10.158019] audit: initializing netlink subsys (disabled)
[   10.176905] audit: type=2000 audit(1508322355.264:1): initialized
[   10.199781] Initialise system trusted keyring
[   10.227720] HugeTLB registered 2 MB page size, pre-allocated 0 pages
[   10.230661] zbud: loaded
[   10.271655] VFS: Disk quotas dquot_6.6.0
[   10.290452] VFS: Dquot-cache hash table entries: 512 (order 0, 4096 bytes)
[   10.300831] squashfs: version 4.0 (2009/01/31) Phillip Lougher
[   10.345521] fuse init (API version 7.23)
[   10.369297] Key type big_key registered
[   10.375725] Allocating IMA MOK and blacklist keyrings.
[   10.426409] Key type asymmetric registered
[   10.428561] Asymmetric key parser 'x509' registered
[   10.430007] Block layer SCSI generic (bsg) driver version 0.4 loaded (major 249)
[   10.455709] io scheduler noop registered
[   10.478299] io scheduler deadline registered (default)
[   10.509035] io scheduler cfq registered
[   10.510197] pci_hotplug: PCI Hot Plug PCI Core version: 0.5
[   10.525347] pciehp: PCI Express Hot Plug Controller Driver version: 0.4
[   10.592895] ACPI: AC Adapter [AC] (off-line)
[   10.634675] input: Power Button as /devices/LNXSYSTM:00/LNXPWRBN:00/input/input0
[   10.683802] ACPI: Power Button [PWRF]
[   10.760644] input: Sleep Button as /devices/LNXSYSTM:00/LNXSLPBN:00/input/input1
[   10.811695] ACPI: Sleep Button [SLPF]
[   10.813100] GHES: HEST is not enabled!
[   10.814232] ACPI: Battery Slot [BAT0] (battery present)
[   10.945456] Serial: 8250/16550 driver, 32 ports, IRQ sharing enabled
[   11.055594] 00:02: ttyS0 at I/O 0x3f8 (irq = 4, base_baud = 115200) is a 16550A
[   11.077026] Linux agpgart interface v0.103
[   11.126370] loop: module loaded
[   11.135409] tsc: Refined TSC clocksource calibration: 1799.779 MHz
[   11.135412] clocksource: tsc: mask: 0xffffffffffffffff max_cycles: 0x19f158c9c91, max_idle_ns: 440795221272 ns
[   11.279812] scsi host0: ata_piix
[   11.307991] scsi host1: ata_piix
[   11.340408] ata1: PATA max UDMA/33 cmd 0x1f0 ctl 0x3f6 bmdma 0xd000 irq 14
[   11.479469] ata2: PATA max UDMA/33 cmd 0x170 ctl 0x376 bmdma 0xd008 irq 15
[   11.610464] libphy: Fixed MDIO Bus: probed
[   11.690715] tun: Universal TUN/TAP device driver, 1.6
[   11.769660] tun: (C) 1999-2004 Max Krasnyansky <maxk@qualcomm.com>
[   11.825717] PPP generic driver version 2.4.2
[   11.857667] ehci_hcd: USB 2.0 'Enhanced' Host Controller (EHCI) Driver
[   11.955549] ehci-pci: EHCI PCI platform driver
[   11.990941] ehci-platform: EHCI generic platform driver
[   12.024006] ohci_hcd: USB 1.1 'Open' Host Controller (OHCI) Driver
[   12.125532] ohci-pci: OHCI PCI platform driver
[   12.156369] ohci-platform: OHCI generic platform driver
[   12.157755] uhci_hcd: USB Universal Host Controller Interface driver
[   12.176183] i8042: PNP: PS/2 Controller [PNP0303:PS2K,PNP0f03:PS2M] at 0x60,0x64 irq 1,12
[   12.203494] serio: i8042 KBD port at 0x60,0x64 irq 1
[   12.223140] serio: i8042 AUX port at 0x60,0x64 irq 12
[   12.238422] mousedev: PS/2 mouse device common for all mice
[   12.265350] rtc_cmos rtc_cmos: rtc core: registered rtc_cmos as rtc0
[   12.271826] input: AT Translated Set 2 keyboard as /devices/platform/i8042/serio0/input/input2
[   12.281332] rtc_cmos rtc_cmos: alarms up to one day, 114 bytes nvram
[   12.281355] i2c /dev entries driver
[   12.281450] device-mapper: uevent: version 1.0.3
[   12.294362] device-mapper: ioctl: 4.34.0-ioctl (2015-10-28) initialised: dm-devel@redhat.com
[   12.294389] ledtrig-cpu: registered to indicate activity on CPUs
[   12.294800] NET: Registered protocol family 10
[   12.295059] NET: Registered protocol family 17
[   12.295070] Key type dns_resolver registered
[   12.295334] microcode: CPU0 sig=0x306d4, pf=0x40, revision=0x0
[   12.363982] microcode: CPU1 sig=0x306d4, pf=0x40, revision=0x0
[   12.364078] microcode: Microcode Update Driver: v2.01 <tigran@aivazian.fsnet.co.uk>, Peter Oruba
[   12.364277] registered taskstats version 1
[   12.364298] Loading compiled-in X.509 certificates
[   12.365278] Loaded X.509 cert 'Build time autogenerated kernel key: d1010f9627fd9242df4b03365d2931dfd1ad3d42'
[   12.365309] zswap: loaded using pool lzo/zbud
[   12.367648] Key type trusted registered
[   12.374723] Key type encrypted registered
[   12.374732] AppArmor: AppArmor sha1 policy hashing enabled
[   12.374736] ima: No TPM chip found, activating TPM-bypass!
[   12.374760] evm: HMAC attrs: 0x1
[   12.375213]   Magic number: 5:810:426
[   12.457459] rtc_cmos rtc_cmos: setting system clock to 2017-10-18 10:25:58 UTC (1508322358)
[   12.457583] BIOS EDD facility v0.16 2004-Jun-25, 0 devices found
[   12.457583] EDD information not available.
[   13.304921] Freeing unused kernel memory: 1492K
[   13.339966] Write protecting the kernel read-only data: 14336k
[   13.431970] Freeing unused kernel memory: 1748K
[   13.495522] Freeing unused kernel memory: 112K
Loading, please wait...
starting version[   13.554812] random: systemd-udevd: uninitialized urandom read (16 bytes read, 7 bits of entropy available)
 229
[   13.555933] random: udevadm: uninitialized urandom read (16 bytes read, 7 bits of entropy available)
[   13.555987] random: udevadm: uninitialized urandom read (16 bytes read, 7 bits of entropy available)
[   13.556168] random: udevadm: uninitialized urandom read (16 bytes read, 7 bits of entropy available)
[   13.556233] random: udevadm: uninitialized urandom read (16 bytes read, 7 bits of entropy available)
[   13.556293] random: udevadm: uninitialized urandom read (16 bytes read, 7 bits of entropy available)
[   13.556362] random: udevadm: uninitialized urandom read (16 bytes read, 7 bits of entropy available)
[   13.556418] random: udevadm: uninitialized urandom read (16 bytes read, 7 bits of entropy available)
[   13.556478] random: udevadm: uninitialized urandom read (16 bytes read, 7 bits of entropy available)
[   13.556542] random: udevadm: uninitialized urandom read (16 bytes read, 7 bits of entropy available)
[   14.206185] e1000: Intel(R) PRO/1000 Network Driver - version 7.3.21-k8-NAPI
[   14.220272] e1000: Copyright (c) 1999-2006 Intel Corporation.
[   14.237150] Fusion MPT base driver 3.04.20
[   14.244349] Copyright (c) 1999-2008 LSI Corporation
[   14.248374] AVX version of gcm_enc/dec engaged.
[   14.257255] AES CTR mode by8 optimization enabled
[   14.268108] Fusion MPT SPI Host driver 3.04.20
[   14.434368] input: ImExPS/2 Generic Explorer Mouse as /devices/platform/i8042/serio1/input/input4
[   14.605575] e1000 0000:00:03.0 eth0: (PCI:33MHz:32-bit) 02:14:68:3e:84:47
[   14.671773] e1000 0000:00:03.0 eth0: Intel(R) PRO/1000 Network Connection
[   14.701363] mptbase: ioc0: Initiating bringup
[   14.783043] ioc0: LSI53C1030 A0: Capabilities={Initiator}
[   15.054897] scsi host2: ioc0: LSI53C1030 A0, FwRev=00000000h, Ports=1, MaxQ=256, IRQ=20
[   15.259887] scsi 2:0:0:0: Direct-Access     VBOX     HARDDISK         1.0  PQ: 0 ANSI: 5
[   15.322609] scsi target2:0:0: Beginning Domain Validation
[   15.361085] scsi target2:0:0: Domain Validation skipping write tests
[   15.365022] scsi target2:0:0: Ending Domain Validation
[   15.366517] scsi target2:0:0: asynchronous
[   15.374963] scsi 2:0:1:0: Direct-Access     VBOX     HARDDISK         1.0  PQ: 0 ANSI: 5
[   15.392264] scsi target2:0:1: Beginning Domain Validation
[   15.397077] scsi target2:0:1: Domain Validation skipping write tests
[   15.405173] scsi target2:0:1: Ending Domain Validation
[   15.408932] scsi target2:0:1: asynchronous
[   15.423612] sd 2:0:0:0: Attached scsi generic sg0 type 0
[   15.439995] sd 2:0:0:0: [sda] 20971520 512-byte logical blocks: (10.7 GB/10.0 GiB)
[   15.445877] sd 2:0:0:0: [sda] Write Protect is off
[   15.447565] sd 2:0:1:0: Attached scsi generic sg1 type 0
[   15.449235] sd 2:0:0:0: [sda] Incomplete mode parameter data
[   15.450737] sd 2:0:0:0: [sda] Assuming drive cache: write through
[   15.452419] sd 2:0:1:0: [sdb] 20480 512-byte logical blocks: (10.5 MB/10.0 MiB)
[   15.460476] sd 2:0:1:0: [sdb] Write Protect is off
[   15.462908] sd 2:0:1:0: [sdb] Incomplete mode parameter data
[   15.466481] sd 2:0:1:0: [sdb] Assuming drive cache: write through
[   15.476990]  sda: sda1
[   15.479962] sd 2:0:0:0: [sda] Attached SCSI disk
[   15.485057] sd 2:0:1:0: [sdb] Attached SCSI disk
[   15.699060] e1000 0000:00:08.0 eth1: (PCI:33MHz:32-bit) 08:00:27:2e:f4:02
[   15.717699] e1000 0000:00:08.0 eth1: Intel(R) PRO/1000 Network Connection
[   15.737556] e1000 0000:00:03.0 enp0s3: renamed from eth0
[   15.763106] e1000 0000:00:08.0 enp0s8: renamed from eth1
[   17.227069] floppy0: no floppy controllers found
Begin: Loading e[   18.629483] md: linear personality registered for level -1
ssential drivers ... [   18.708543] md: multipath personality registered for level -4
[   18.796524] md: raid0 personality registered for level 0
[   18.819283] md: raid1 personality registered for level 1
[   18.967029] raid6: sse2x1   gen()  8365 MB/s
[   19.034580] raid6: sse2x1   xor()  5833 MB/s
[   19.118557] raid6: sse2x2   gen()  6611 MB/s
[   19.194881] raid6: sse2x2   xor()  5945 MB/s
[   19.305707] raid6: sse2x4   gen() 12927 MB/s
[   19.439642] raid6: sse2x4   xor()  8764 MB/s
[   19.522599] raid6: using algorithm sse2x4 gen() 12927 MB/s
[   19.593604] raid6: .... xor() 8764 MB/s, rmw enabled
[   19.690236] raid6: using ssse3x2 recovery algorithm
[   19.771236] xor: automatically using best checksumming function:
[   19.822572]    avx       : 17006.000 MB/sec
[   19.872880] async_tx: api initialized (async)
[   19.894181] md: raid6 personality registered for level 6
[   19.905445] md: raid5 personality registered for level 5
[   19.973970] md: raid4 personality registered for level 4
[   20.038696] md: raid10 personality registered for level 10
done.
Begin: Running /scripts/i[   20.138691] Btrfs loaded
nit-premount ... done.
Begin: Mounting root file system ... Begin: Running /scripts/local-top ... done.
Begin: Running /scripts/local-premount ... Scanning for Btrfs filesyst[   20.205000] EXT4-fs (sda1): mounted filesystem with ordered data mode. Opts: (null)
ems
done.
Warning: fsck not present, so skipping root file system
done.
Begin: Running /scripts/local-bottom ... done.
Begin: Running /scripts/init-bottom ... done.
[   20.375246] systemd[1]: systemd 229 running in system mode. (+PAM +AUDIT +SELINUX +IMA +APPARMOR +SMACK +SYSVINIT +UTMP +LIBCRYPTSETUP +GCRYPT +GNUTLS +ACL +XZ -LZ4 +SECCOMP +BLKID +ELFUTILS +KMOD -IDN)
[   20.431899] systemd[1]: Detected virtualization oracle.
[   20.436402] systemd[1]: Detected architecture x86-64.

Welcome to [1mUbuntu 16.04.3 LTS[0m!

[   20.476786] systemd[1]: Set hostname to <ubuntu-xenial>.
[   20.860754] systemd[1]: Reached target User and Group Name Lookups.
[[0;32m  OK  [0m] Reached target User and Group Name Lookups.
[   20.915232] systemd[1]: Reached target Encrypted Volumes.
[[0;32m  OK  [0m] Reached target Encrypted Volumes.
[   20.959507] systemd[1]: Listening on Journal Socket (/dev/log).
[[0;32m  OK  [0m] Listening on Journal Socket (/dev/log).
[   21.019373] systemd[1]: Set up automount Arbitrary Executable File Formats File System Automount Point.
[[0;32m  OK  [0m] Set up automount Arbitrary Executab...ats File System Automount Point.
[   21.099732] systemd[1]: Created slice System Slice.
[[0;32m  OK  [0m] Created slice System Slice.
[   21.141017] systemd[1]: Listening on udev Control Socket.
[[0;32m  OK  [0m] Listening on udev Control Socket.
[   21.267559] systemd[1]: Listening on Device-mapper event daemon FIFOs.
[[0;32m  OK  [0m] Listening on Device-mapper event daemon FIFOs.
[   21.315497] systemd[1]: Created slice User and Session Slice.
[[0;32m  OK  [0m] Created slice User and Session Slice.
[   21.366997] systemd[1]: Listening on LVM2 metadata daemon socket.
[[0;32m  OK  [0m] Listening on LVM2 metadata daemon socket.
[   21.415392] systemd[1]: Listening on /dev/initctl Compatibility Named Pipe.
[[0;32m  OK  [0m] Listening on /dev/initctl Compatibility Named Pipe.
[   21.523205] systemd[1]: Listening on LVM2 poll daemon socket.
[[0;32m  OK  [0m] Listening on LVM2 poll daemon socket.
[   21.593806] systemd[1]: Listening on Journal Socket.
[[0;32m  OK  [0m] Listening on Journal Socket.
[   21.691011] systemd[1]: Starting Nameserver information manager...
         Starting Nameserver information manager...
[   21.827128] systemd[1]: Starting Uncomplicated firewall...
[   21.828780] random: nonblocking pool is initialized
         Starting Uncomplicated firewall...
[   21.959866] systemd[1]: Starting Create list of required static device nodes for the current kernel...
         Starting Create list of required st... nodes for the current kernel...
[   22.111149] systemd[1]: Mounting POSIX Message Queue File System...
         Mounting POSIX Message Queue File System...
[   22.227363] systemd[1]: Mounting Huge Pages File System...
         Mounting Huge Pages File System...
[   22.318795] systemd[1]: Starting Load Kernel Modules...
[   22.334448] Loading iSCSI transport class v2.0-870.
         Starting Load Kernel Modules...
[   22.398710] iscsi: registered transport (tcp)
[   22.412310] systemd[1]: Starting Remount Root and Kernel File Systems...
         Starting Remount Root a[   22.420051] EXT4-fs (sda1): re-mounted. Opts: (null)
nd Kernel File Systems...
[   22.501692] systemd[1]: Starting Monitoring of LVM2 mirrors, snapshots etc. using dmeventd or progress polling...
         Starting Monitoring of LVM2 mirrors... dmeventd or prog[   22.537935] iscsi: registered transport (iser)
ress polling...
[   22.607370] systemd[1]: Mounting Debug File System...
         Mounting Debug File System...
[   22.635062] systemd[1]: Listening on Syslog Socket.
[[0;32m  OK  [0m] Listening on Syslog Socket.
[   22.736832] systemd[1]: Listening on udev Kernel Socket.
[[0;32m  OK  [0m] Listening on udev Kernel Socket.
[   22.794535] systemd[1]: Reached target Slices.
[[0;32m  OK  [0m] Reached target Slices.
[   22.835016] systemd[1]: Started Trigger resolvconf update for networkd DNS.
[[0;32m  OK  [0m] Started Trigger resolvconf update for networkd DNS.
[   22.983182] systemd[1]: Started Forward Password Requests to Wall Directory Watch.
[[0;32m  OK  [0m] Started Forward Password Requests to Wall Directory Watch.
[   23.182918] systemd[1]: Reached target Swap.
[[0;32m  OK  [0m] Reached target Swap.
[   23.259467] systemd[1]: Listening on Journal Audit Socket.
[[0;32m  OK  [0m] Listening on Journal Audit Socket.
[   23.394939] systemd[1]: Starting Journal Service...
         Starting Journal Service...
[   23.424143] systemd[1]: Starting Set console keymap...
         Starting Set console keymap...
[   23.491361] systemd[1]: Created slice system-serial\x2dgetty.slice.
[[0;32m  OK  [0m] Created slice system-serial\x2dgetty.slice.
[   23.584668] systemd[1]: Mounted Debug File System.
[[0;32m  OK  [0m] Mounted Debug File System.
[   23.695223] systemd[1]: Mounted Huge Pages File System.
[[0;32m  OK  [0m] Mounted Huge Pages File System.
[   23.834938] systemd[1]: Mounted POSIX Message Queue File System.
[[0;32m  OK  [0m] Mounted POSIX Message Queue File System.
[   23.998935] systemd[1]: Started Journal Service.
[[0;32m  OK  [0m] Started Journal Service.
[[0;32m  OK  [0m] Started Uncomplicated firewall.
[[0;32m  OK  [0m] Started Create list of required sta...ce nodes for the current kernel.
[[0;32m  OK  [0m] Started Load Kernel Modules.
[[0;32m  OK  [0m] Started Remount Root and Kernel File Systems.
[[0;32m  OK  [0m] Started Set console keymap.
[[0;32m  OK  [0m] Started Nameserver information manager.
[[0;32m  OK  [0m] Started LVM2 metadata daemon.
         Starting Initial cloud-init job (pre-networking)...
         Starting Load/Save Random Seed...
         Starting udev Coldplug all Devices...
         Starting Apply Kernel Variables...
         Mounting FUSE Control File System...
         Starting Create Static Device Nodes in /dev...
         Starting Flush Journal to Persistent Storage...
[[0;32m  OK  [0m] Mounted FUSE Control File System.
[[0;32m  OK  [0m] Started Load/Save Random Seed.
[[0;32m  OK  [0m] Started Apply Kernel Variables.
[[0;32m  OK  [0m] Started Create Static Device Nodes in /dev.
[[0;32m  OK  [0m] Started udev Coldplug all Devices.
[[0;32m  OK  [0m] Started Flush Journal to Persistent Storage.
[[0;32m  OK  [0m] Started Monitoring of LVM2 mirrors,...ng dmeventd or progress polling.
         Starting udev Kernel Device Manager...
[[0;32m  OK  [0m] Started udev Kernel Device Manager.
[[0;32m  OK  [0m] Started Dispatch Password Requests to Console Directory Watch.
[[0;32m  OK  [0m] Reached target Local File Systems (Pre).
[[0;32m  OK  [0m] Reached target Local File Systems.
         Starting LSB: AppArmor initialization...
         Starting Tell Plymouth To Write Out Runtime Data...
         Starting Set console font and keymap...
         Starting Create Volatile Files and Directories...
[[0;32m  OK  [0m] Started Tell Plymouth To Write Out Runtime Data.
[[0;32m  OK  [0m] Started Create Volatile Files and Directories.
         Starting Update UTMP about System Boot/Shutdown...
[[0;32m  OK  [0m] Reached target System Time Synchronized.
[[0;32m  OK  [0m] Started Update UTMP about System Boot/Shutdown.
[[0;32m  OK  [0m] Started LSB: AppArmor initialization.
[[0;32m  OK  [0m] Found device /dev/ttyS0.
[[0;32m  OK  [0m] Listening on Load/Save RF Kill Switch Status /dev/rfkill Watch.
[   19.899474] cloud-init[443]: Cloud-init v. 0.7.9 running 'init-local' at Wed, 18 Oct 2017 10:26:12 +0000. Up 19.55 seconds.
[[0;32m  OK  [0m] Started Set console font and keymap.
[[0;32m  OK  [0m] Found device 82540EM Gigabit Ethern...r (PRO/1000 MT Desktop Adapter).
[[0;32m  OK  [0m] Started Initial cloud-init job (pre-networking).
[[0;32m  OK  [0m] Found device 82540EM Gigabit Ethern...r (PRO/1000 MT Desktop Adapter).
[[0;32m  OK  [0m] Reached target Network (Pre).
         Starting Raise network interfaces...
[[0;32m  OK  [0m] Started ifup for enp0s8.
[[0;32m  OK  [0m] Started ifup for enp0s3.
[[0;32m  OK  [0m] Created slice system-getty.slice.
[[0;32m  OK  [0m] Started Raise network interfaces.
[[0;32m  OK  [0m] Reached target Network.
         Starting Initial cloud-init job (metadata service crawler)...
[   23.279513] cloud-init[1049]: Cloud-init v. 0.7.9 running 'init' at Wed, 18 Oct 2017 10:26:15 +0000. Up 22.66 seconds.
[   23.356371] [cloud-init[0;32m  OK  [0m[1049]: ] ci-info: ++++++++++++++++++++++++++++++++++++++Net device info++++++++++++++++++++++++++++++++++++++Started Initial cloud-init job (metadata service crawler).

[   23.357123] cloud-init[1049]: ci-info: +--------+------+-----------------------------+---------------+-------+-------------------+
[   23.504574] [cloud-init[0;32m  OK  [0m[1049]: ] ci-info: | Device |  Up  |           Address           |      Mask     | Scope |     Hw-Address    |Reached target Cloud-config availability.

[   23.505493] cloud-init[1049]: ci-info: +--------+------+-----------------------------+---------------+-------+-------------------+
[[0;32m  OK  [0m] Reached target Network is Online.
[   23.561583] cloud-init[1049]: ci-info: | enp0s8 | True |        192.168.10.100       | 255.255.255.0 |   .   | 08:00:27:2e:f4:02 |
[   23.684485]          cloud-initStarting iSCSI initiator daemon (iscsid)...[1049]: 
ci-info: | enp0s8 | True | fe80::a00:27ff:fe2e:f402/64 |       .       |  link | 08:00:27:2e:f4:02 |
[   23.731744] [cloud-init[0;32m  OK  [0m[1049]: ] ci-info: |   lo   | True |          127.0.0.1          |   255.0.0.0   |   .   |         .         |Reached target System Initialization.

[   23.732522] cloud-init[1049]: ci-info: |   lo   | True |           ::1/128           |       .       |  host |         .         |
[   23.820546] [cloud-init[0;32m  OK  [0m[1049]: ] ci-info: | enp0s3 | True |          10.0.2.15          | 255.255.255.0 |   .   | 02:14:68:3e:84:47 |Started Daily apt download activities.

[[0;32m  OK  [0m] Listening on UUID daemon activation socket.
[   23.821276] cloud-init[1049]: ci-info: | enp0s3 | True |  fe80::14:68ff:fe3e:8447/64 |       .       |  link | 02:14:68:3e:84:47 |
[   24.008519]          cloud-initStarting LXD - unix socket.[1049]: 
ci-info: +--------+------+-----------------------------+---------------+-------+-------------------+
[   24.153496] [cloud-init[0;32m  OK  [0m[1049]: ] ci-info: ++++++++++++++++++++++++++++Route IPv4 info++++++++++++++++++++++++++++Listening on ACPID Listen Socket.

[   24.212232] [cloud-init[0;32m  OK  [0m[1049]: ] ci-info: +-------+--------------+----------+---------------+-----------+-------+Started ACPI Events Check.

[   24.212757] [cloud-init[0;32m  OK  [0m[1049]: ] ci-info: | Route | Destination  | Gateway  |    Genmask    | Interface | Flags |Reached target Paths.

[   24.320478]          cloud-initStarting Socket activation for snappy daemon.[1049]: 
ci-info: +-------+--------------+----------+---------------+-----------+-------+
[   24.360536] [cloud-init[0;32m  OK  [0m[1049]: ] ci-info: |   0   |   0.0.0.0    | 10.0.2.2 |    0.0.0.0    |   enp0s3  |   UG  |Started Timer to automatically refresh installed snaps.

[   24.444689] [cloud-init[0;32m  OK  [0m[1049]: ] ci-info: |   1   |   10.0.2.0   | 0.0.0.0  | 255.255.255.0 |   enp0s3  |   U   |Started Timer to automatically fetch and run repair assertions.

[   24.462864] [cloud-init[0;32m  OK  [0m[1049]: ] ci-info: |   2   | 192.168.10.0 | 0.0.0.0  | 255.255.255.0 |   enp0s8  |   U   |Started Daily Cleanup of Temporary Directories.

[[0;32m  OK  [0m] Started Daily apt upgrade and clean activities.
[[0;32m  OK  [0m] Reached target Timers.
[   24.463646] cloud-init[1049]: ci-info: +-------+--------------+----------+---------------+-----------+-------+
[[0;32m  OK  [0m] Listening on D-Bus System Message Bus Socket.
[[0;32m  OK  [0m] Listening on LXD - unix socket.
[[0;32m  OK  [0m] Listening on Socket activation for snappy daemon.
[[0;32m  OK  [0m] Started iSCSI initiator daemon (iscsid).
         Starting Login to default iSCSI targets...
[[0;32m  OK  [0m] Reached target Sockets.
[[0;32m  OK  [0m] Reached target Basic System.
         Starting LSB: Record successful boot for GRUB...
         Starting Accounts Service...
         Starting Login Service...
         Starting LXD - container startup/shutdown...
         Starting System Logging Service...
         Starting /etc/rc.local Compatibility...
         Starting LSB: MD monitoring daemon...
[[0;32m  OK  [0m] Started Unattended Upgrades Shutdown.
         Starting Apply the settings specified in cloud-config...
         Starting A high performance web server and a reverse proxy server...
         Starting Snappy daemon...
[[0;32m  OK  [0m] Started Deferred execution scheduler.
[[0;32m  OK  [0m] Started D-Bus System Message Bus.
[[0;32m  OK  [0m] Started ACPI event daemon.
[[0;32m  OK  [0m] Started FUSE filesystem for LXC.
[[0;32m  OK  [0m] Started Regular background program processing daemon.
         Starting OpenBSD Secure Shell server...
[[0;32m  OK  [0m] Started System Logging Service.
[[0;32m  OK  [0m] Started OpenBSD Secure Shell server.
[[0;32m  OK  [0m] Started LXD - container startup/shutdown.
[[0;32m  OK  [0m] Started /etc/rc.local Compatibility.
[[0;32m  OK  [0m] Started Login to default iSCSI targets.
[[0;32m  OK  [0m] Started LSB: Record successful boot for GRUB.
[[0;32m  OK  [0m] Started A high performance web server and a reverse proxy server.
[[0;32m  OK  [0m] Started Snappy daemon.
[[0;32m  OK  [0m] Started LSB: MD monitoring daemon.
[[0;32m  OK  [0m] Started Login Service.
         Starting Authenticate and Authorize Users to Run Privileged Tasks...
         Starting Auto import assertions from block devices...
[[0;32m  OK  [0m] Reached target Remote File Systems (Pre).
[[0;32m  OK  [0m] Reached target Remote File Systems.
         Starting LSB: daemon to balance interrupts for SMP systems...
         Starting LSB: automatic crash report generation...
         Starting LSB: Set the CPU Frequency Scaling governor to "ondemand"...
         Starting Permit User Sessions...
[   26.228810] cloud-init[1139]: Cloud-init v. 0.7.9 running 'modules:config' at Wed, 18 Oct 2017 10:26:18 +0000. Up 25.94 seconds.
         Starting LSB: VirtualBox Linux Additions...
[[0;32m  OK  [0m] Started Auto import assertions from block devices.
[[0;32m  OK  [0m] Started Permit User Sessions.
[[0;32m  OK  [0m] Started Apply the settings specified in cloud-config.
[[0;32m  OK  [0m] Started Authenticate and Authorize Users to Run Privileged Tasks.
[[0;32m  OK  [0m] Started Accounts Service.
[[0;32m  OK  [0m] Started LSB: Set the CPU Frequency Scaling governor to "ondemand".
[[0;32m  OK  [0m] Started LSB: daemon to balance interrupts for SMP systems.
[[0;32m  OK  [0m] Started LSB: automatic crash report generation.
[[0;32m  OK  [0m] Created slice User Slice of ubuntu.
[[0;32m  OK  [0m] Started Session 1 of user ubuntu.
         Starting User Manager for UID 1000...
         Starting Terminate Plymouth Boot Screen...
         Starting Hold until boot process finishes up...
[[0;32m  OK  [0m] Started User Manager for UID 1000.
[[0;32m  OK  [0m] Started LSB: VirtualBox Linux Additions.
[[0;32m  OK  [0m] Started Terminate Plymouth Boot Screen.
[[0;32m  OK  [0m] Started Hold until boot process finishes up.
[[0;32m  OK  [0m] Started Serial Getty on ttyS0.
[[0;32m  OK  [0m] Started Getty on tty1.
[[0;32m  OK  [0m] Reached target Login Prompts.
         Starting Set console scheme...
[[0;32m  OK  [0m] Reached target Multi-User System.
[[0;32m  OK  [0m] Reached target Graphical Interface.
         Starting Update UTMP about System Runlevel Changes...
         Starting Execute cloud user/final scripts...
[[0;32m  OK  [0m] Started Set console scheme.
[[0;32m  OK  [0m] Started Update UTMP about System Runlevel Changes.
[   27.655961] cloud-init[1302]: Cloud-init v. 0.7.9 running 'modules:final' at Wed, 18 Oct 2017 10:26:19 +0000. Up 27.44 seconds.
[   27.760633] cloud-init[1302]: Cloud-init v. 0.7.9 finished at Wed, 18 Oct 2017 10:26:20 +0000. Datasource DataSourceNoCloud [seed=/dev/sdb][dsmode=net].  Up 27.64 seconds
[[0;32m  OK  [0m] Started Execute cloud user/final scripts.
[[0;32m  OK  [0m] Reached target Cloud-init target.

Ubuntu 16.04.3 LTS ubuntu-xenial ttyS0

ubuntu-xenial login: 