[    0.000000] Initializing cgroup subsys cpuset
[    0.000000] Initializing cgroup subsys cpu
[    0.000000] Initializing cgroup subsys cpuacct
[    0.000000] Linux version 4.4.0-97-generic (buildd@lcy01-33) (gcc version 5.4.0 20160609 (Ubuntu 5.4.0-6ubuntu1~16.04.4) ) #120-Ubuntu SMP Tue Sep 19 17:28:18 UTC 2017 (Ubuntu 4.4.0-97.120-generic 4.4.87)
[    0.000000] Command line: BOOT_IMAGE=/boot/vmlinuz-4.4.0-97-generic root=LABEL=cloudimg-rootfs ro console=tty1 console=ttyS0
[    0.000000] KERNEL supported cpus:
[    0.000000]   Intel GenuineIntel
[    0.000000]   AMD AuthenticAMD
[    0.000000]   Centaur CentaurHauls
[    0.000000] x86/fpu: xstate_offset[2]:  576, xstate_sizes[2]:  256
[    0.000000] x86/fpu: Supporting XSAVE feature 0x01: 'x87 floating point registers'
[    0.000000] x86/fpu: Supporting XSAVE feature 0x02: 'SSE registers'
[    0.000000] x86/fpu: Supporting XSAVE feature 0x04: 'AVX registers'
[    0.000000] x86/fpu: Enabled xstate features 0x7, context size is 832 bytes, using 'standard' format.
[    0.000000] x86/fpu: Using 'lazy' FPU context switches.
[    0.000000] e820: BIOS-provided physical RAM map:
[    0.000000] BIOS-e820: [mem 0x0000000000000000-0x000000000009fbff] usable
[    0.000000] BIOS-e820: [mem 0x000000000009fc00-0x000000000009ffff] reserved
[    0.000000] BIOS-e820: [mem 0x00000000000f0000-0x00000000000fffff] reserved
[    0.000000] BIOS-e820: [mem 0x0000000000100000-0x000000003ffeffff] usable
[    0.000000] BIOS-e820: [mem 0x000000003fff0000-0x000000003fffffff] ACPI data
[    0.000000] BIOS-e820: [mem 0x00000000fec00000-0x00000000fec00fff] reserved
[    0.000000] BIOS-e820: [mem 0x00000000fee00000-0x00000000fee00fff] reserved
[    0.000000] BIOS-e820: [mem 0x00000000fffc0000-0x00000000ffffffff] reserved
[    0.000000] NX (Execute Disable) protection: active
[    0.000000] SMBIOS 2.5 present.
[    0.000000] Hypervisor detected: KVM
[    0.000000] e820: last_pfn = 0x3fff0 max_arch_pfn = 0x400000000
[    0.000000] MTRR: Disabled
[    0.000000] x86/PAT: MTRRs disabled, skipping PAT initialization too.
[    0.000000] CPU MTRRs all blank - virtualized system.
[    0.000000] x86/PAT: Configuration [0-7]: WB  WT  UC- UC  WB  WT  UC- UC  
[    0.000000] found SMP MP-table at [mem 0x0009fff0-0x0009ffff] mapped at [ffff88000009fff0]
[    0.000000] Scanning 1 areas for low memory corruption
[    0.000000] RAMDISK: [mem 0x36adc000-0x37565fff]
[    0.000000] ACPI: Early table checksum verification disabled
[    0.000000] ACPI: RSDP 0x00000000000E0000 000024 (v02 VBOX  )
[    0.000000] ACPI: XSDT 0x000000003FFF0030 00003C (v01 VBOX   VBOXXSDT 00000001 ASL  00000061)
[    0.000000] ACPI: FACP 0x000000003FFF00F0 0000F4 (v04 VBOX   VBOXFACP 00000001 ASL  00000061)
[    0.000000] ACPI: DSDT 0x000000003FFF0470 0021FF (v02 VBOX   VBOXBIOS 00000002 INTL 20100528)
[    0.000000] ACPI: FACS 0x000000003FFF0200 000040
[    0.000000] ACPI: FACS 0x000000003FFF0200 000040
[    0.000000] ACPI: APIC 0x000000003FFF0240 00005C (v02 VBOX   VBOXAPIC 00000001 ASL  00000061)
[    0.000000] ACPI: SSDT 0x000000003FFF02A0 0001CC (v01 VBOX   VBOXCPUT 00000002 INTL 20100528)
[    0.000000] No NUMA configuration found
[    0.000000] Faking a node at [mem 0x0000000000000000-0x000000003ffeffff]
[    0.000000] NODE_DATA(0) allocated [mem 0x3ffeb000-0x3ffeffff]
[    0.000000] kvm-clock: Using msrs 4b564d01 and 4b564d00
[    0.000000] kvm-clock: cpu 0, msr 0:3ffe3001, primary cpu clock
[    0.000000] kvm-clock: using sched offset of 3377053225 cycles
[    0.000000] clocksource: kvm-clock: mask: 0xffffffffffffffff max_cycles: 0x1cd42e4dffb, max_idle_ns: 881590591483 ns
[    0.000000] Zone ranges:
[    0.000000]   DMA      [mem 0x0000000000001000-0x0000000000ffffff]
[    0.000000]   DMA32    [mem 0x0000000001000000-0x000000003ffeffff]
[    0.000000]   Normal   empty
[    0.000000]   Device   empty
[    0.000000] Movable zone start for each node
[    0.000000] Early memory node ranges
[    0.000000]   node   0: [mem 0x0000000000001000-0x000000000009efff]
[    0.000000]   node   0: [mem 0x0000000000100000-0x000000003ffeffff]
[    0.000000] Initmem setup node 0 [mem 0x0000000000001000-0x000000003ffeffff]
[    0.000000] ACPI: PM-Timer IO Port: 0x4008
[    0.000000] IOAPIC[0]: apic_id 2, version 32, address 0xfec00000, GSI 0-23
[    0.000000] ACPI: INT_SRC_OVR (bus 0 bus_irq 0 global_irq 2 dfl dfl)
[    0.000000] ACPI: INT_SRC_OVR (bus 0 bus_irq 9 global_irq 9 high level)
[    0.000000] Using ACPI (MADT) for SMP configuration information
[    0.000000] smpboot: Allowing 2 CPUs, 0 hotplug CPUs
[    0.000000] PM: Registered nosave memory: [mem 0x00000000-0x00000fff]
[    0.000000] PM: Registered nosave memory: [mem 0x0009f000-0x0009ffff]
[    0.000000] PM: Registered nosave memory: [mem 0x000a0000-0x000effff]
[    0.000000] PM: Registered nosave memory: [mem 0x000f0000-0x000fffff]
[    0.000000] e820: [mem 0x40000000-0xfebfffff] available for PCI devices
[    0.000000] Booting paravirtualized kernel on KVM
[    0.000000] clocksource: refined-jiffies: mask: 0xffffffff max_cycles: 0xffffffff, max_idle_ns: 7645519600211568 ns
[    0.000000] setup_percpu: NR_CPUS:512 nr_cpumask_bits:512 nr_cpu_ids:2 nr_node_ids:1
[    0.000000] PERCPU: Embedded 34 pages/cpu @ffff88003fc00000 s98328 r8192 d32744 u1048576
[    0.000000] PV qspinlock hash table entries: 256 (order: 0, 4096 bytes)
[    0.000000] Built 1 zonelists in Node order, mobility grouping on.  Total pages: 257913
[    0.000000] Policy zone: DMA32
[    0.000000] Kernel command line: BOOT_IMAGE=/boot/vmlinuz-4.4.0-97-generic root=LABEL=cloudimg-rootfs ro console=tty1 console=ttyS0
[    0.000000] PID hash table entries: 4096 (order: 3, 32768 bytes)
[    0.000000] Memory: 1001772K/1048120K available (8480K kernel code, 1294K rwdata, 3984K rodata, 1492K init, 1316K bss, 46348K reserved, 0K cma-reserved)
[    0.000000] SLUB: HWalign=64, Order=0-3, MinObjects=0, CPUs=2, Nodes=1
[    0.000000] Hierarchical RCU implementation.
[    0.000000] 	Build-time adjustment of leaf fanout to 64.
[    0.000000] 	RCU restricting CPUs from NR_CPUS=512 to nr_cpu_ids=2.
[    0.000000] RCU: Adjusting geometry for rcu_fanout_leaf=64, nr_cpu_ids=2
[    0.000000] NR_IRQS:33024 nr_irqs:440 16
[    0.000000] Console: colour VGA+ 80x25
[    0.000000] console [tty1] enabled
[    0.000000] console [ttyS0] enabled
[    0.000000] tsc: Detected 1799.999 MHz processor
[    3.495892] Calibrating delay loop (skipped) preset value.. 3599.99 BogoMIPS (lpj=7199996)
[    3.498002] pid_max: default: 32768 minimum: 301
[    3.519538] ACPI: Core revision 20150930
[    3.543136] ACPI: 2 ACPI AML tables successfully acquired and loaded
[    3.612545] Security Framework initialized
[    3.655673] Yama: becoming mindful.
[    3.656620] AppArmor: AppArmor initialized
[    3.657750] Dentry cache hash table entries: 131072 (order: 8, 1048576 bytes)
[    3.672280] Inode-cache hash table entries: 65536 (order: 7, 524288 bytes)
[    3.680273] Mount-cache hash table entries: 2048 (order: 2, 16384 bytes)
[    3.692019] Mountpoint-cache hash table entries: 2048 (order: 2, 16384 bytes)
[    3.768028] Initializing cgroup subsys io
[    3.836799] Initializing cgroup subsys memory
[    3.843959] Initializing cgroup subsys devices
[    3.854121] Initializing cgroup subsys freezer
[    3.871836] Initializing cgroup subsys net_cls
[    3.880098] Initializing cgroup subsys perf_event
[    3.892339] Initializing cgroup subsys net_prio
[    3.944905] Initializing cgroup subsys hugetlb
[    3.968008] Initializing cgroup subsys pids
[    4.027372] CPU: Physical Processor ID: 0
[    4.054059] CPU: Processor Core ID: 0
[    4.091262] mce: CPU supports 0 MCE banks
[    4.146519] Last level iTLB entries: 4KB 64, 2MB 8, 4MB 8
[    4.172044] Last level dTLB entries: 4KB 64, 2MB 0, 4MB 0, 1GB 4
[    4.180867] Freeing SMP alternatives memory: 32K
[    4.241171] ftrace: allocating 32148 entries in 126 pages
[    4.331821] smpboot: APIC(0) Converting physical 0 to logical package 0
[    4.409815] smpboot: Max logical packages: 1
[    4.443960] x2apic enabled
[    4.451818] Switched APIC routing to physical x2apic.
[    4.475819] ..TIMER: vector=0x30 apic1=0 pin1=2 apic2=-1 pin2=-1
[    4.585001] smpboot: CPU0: Intel(R) Core(TM) i5-5350U CPU @ 1.80GHz (family: 0x6, model: 0x3d, stepping: 0x4)
[    4.697344] Performance Events: unsupported p6 CPU model 61 no PMU driver, software events only.
[    4.796766] KVM setup paravirtual spinlock
[    4.843326] x86: Booting SMP configuration:
[    4.898456] .... node  #0, CPUs:      #1
[    4.945962] kvm-clock: cpu 1, msr 0:3ffe3041, secondary cpu clock
[    4.950948] mce: CPU supports 0 MCE banks
[    4.961259] x86: Booted up 1 node, 2 CPUs
[    5.017510] smpboot: Total of 2 processors activated (7199.99 BogoMIPS)
[    5.067750] devtmpfs: initialized
[    5.094985] evm: security.selinux
[    5.106992] evm: security.SMACK64
[    5.133802] evm: security.SMACK64EXEC
[    5.181818] evm: security.SMACK64TRANSMUTE
[    5.206981] evm: security.SMACK64MMAP
[    5.238460] evm: security.ima
[    5.246339] evm: security.capability
[    5.247647] clocksource: jiffies: mask: 0xffffffff max_cycles: 0xffffffff, max_idle_ns: 7645041785100000 ns
[    5.340095] futex hash table entries: 512 (order: 3, 32768 bytes)
[    5.401004] pinctrl core: initialized pinctrl subsystem
[    5.460542] RTC time: 10:13:28, date: 10/18/17
[    5.505762] NET: Registered protocol family 16
[    5.559975] cpuidle: using governor ladder
[    5.607622] cpuidle: using governor menu
[    5.612614] PCCT header not found.
[    5.629625] ACPI: bus type PCI registered
[    5.643168] acpiphp: ACPI Hot Plug PCI Controller Driver version: 0.5
[    5.695623] PCI: Using configuration type 1 for base access
[    5.752995] ACPI: Added _OSI(Module Device)
[    5.779064] ACPI: Added _OSI(Processor Device)
[    5.829189] ACPI: Added _OSI(3.0 _SCP Extensions)
[    5.870080] ACPI: Added _OSI(Processor Aggregator Device)
[    5.893660] ACPI: Executed 1 blocks of module-level executable AML code
[    5.977466] ACPI: Interpreter enabled
[    6.008623] ACPI: (supports S0 S5)
[    6.047426] ACPI: Using IOAPIC for interrupt routing
[    6.087906] PCI: Using host bridge windows from ACPI; if necessary, use "pci=nocrs" and report a bug
[    6.156617] ACPI: PCI Root Bridge [PCI0] (domain 0000 [bus 00-ff])
[    6.224152] acpi PNP0A03:00: _OSC: OS supports [ASPM ClockPM Segments MSI]
[    6.291307] acpi PNP0A03:00: _OSC: not requesting OS control; OS requires [ExtendedConfig ASPM ClockPM MSI]
[    6.348151] acpi PNP0A03:00: fail to add MMCONFIG information, can't access extended PCI configuration space under this bridge.
[    6.379831] PCI host bridge to bus 0000:00
[    6.393469] pci_bus 0000:00: root bus resource [io  0x0000-0x0cf7 window]
[    6.454685] pci_bus 0000:00: root bus resource [io  0x0d00-0xffff window]
[    6.519242] pci_bus 0000:00: root bus resource [mem 0x000a0000-0x000bffff window]
[    6.561958] pci_bus 0000:00: root bus resource [mem 0x40000000-0xffdfffff window]
[    6.648410] pci_bus 0000:00: root bus resource [bus 00-ff]
[    6.699622] pci 0000:00:01.1: legacy IDE quirk: reg 0x10: [io  0x01f0-0x01f7]
[    6.733768] pci 0000:00:01.1: legacy IDE quirk: reg 0x14: [io  0x03f6]
[    6.761785] pci 0000:00:01.1: legacy IDE quirk: reg 0x18: [io  0x0170-0x0177]
[    6.822593] pci 0000:00:01.1: legacy IDE quirk: reg 0x1c: [io  0x0376]
[    6.880977] pci 0000:00:07.0: quirk: [io  0x4000-0x403f] claimed by PIIX4 ACPI
[    6.929000] pci 0000:00:07.0: quirk: [io  0x4100-0x410f] claimed by PIIX4 SMB
[    6.944135] ACPI: PCI Interrupt Link [LNKA] (IRQs 5 9 10 *11)
[    6.972908] ACPI: PCI Interrupt Link [LNKB] (IRQs 5 9 10 *11)
[    7.033271] ACPI: PCI Interrupt Link [LNKC] (IRQs 5 9 *10 11)
[    7.081239] ACPI: PCI Interrupt Link [LNKD] (IRQs 5 *9 10 11)
[    7.156654] ACPI: Enabled 2 GPEs in block 00 to 07
[    7.204550] vgaarb: setting as boot device: PCI:0000:00:02.0
[    7.257909] vgaarb: device added: PCI:0000:00:02.0,decodes=io+mem,owns=io+mem,locks=none
[    7.317429] vgaarb: loaded
[    7.343370] vgaarb: bridge control possible 0000:00:02.0
[    7.369289] SCSI subsystem initialized
[    7.401502] ACPI: bus type USB registered
[    7.444221] usbcore: registered new interface driver usbfs
[    7.499919] usbcore: registered new interface driver hub
[    7.557578] usbcore: registered new device driver usb
[    7.600503] PCI: Using ACPI for IRQ routing
[    7.650119] NetLabel: Initializing
[    7.685507] NetLabel:  domain hash size = 128
[    7.698701] NetLabel:  protocols = UNLABELED CIPSOv4
[    7.700334] NetLabel:  unlabeled traffic allowed by default
[    7.731622] amd_nb: Cannot enumerate AMD northbridges
[    7.773235] clocksource: Switched to clocksource kvm-clock
[    7.840906] AppArmor: AppArmor Filesystem Enabled
[    7.845687] pnp: PnP ACPI init
[    7.902440] pnp: PnP ACPI: found 3 devices
[    7.971000] clocksource: acpi_pm: mask: 0xffffff max_cycles: 0xffffff, max_idle_ns: 2085701024 ns
[    8.144418] NET: Registered protocol family 2
[    8.205095] TCP established hash table entries: 8192 (order: 4, 65536 bytes)
[    8.378362] TCP bind hash table entries: 8192 (order: 5, 131072 bytes)
[    8.488785] TCP: Hash tables configured (established 8192 bind 8192)
[    8.538923] UDP hash table entries: 512 (order: 2, 16384 bytes)
[    8.665859] UDP-Lite hash table entries: 512 (order: 2, 16384 bytes)
[    8.715771] NET: Registered protocol family 1
[    8.763849] pci 0000:00:00.0: Limiting direct PCI/PCI transfers
[    8.890021] pci 0000:00:01.0: Activating ISA DMA hang workarounds
[    8.940563] Unpacking initramfs...
[   10.977016] Freeing initrd memory: 10792K
[   10.998039] RAPL PMU detected, API unit is 2^-32 Joules, 4 fixed counters 10737418240 ms ovfl timer
[   11.106969] hw unit of domain pp0-core 2^-0 Joules
[   11.160611] hw unit of domain package 2^-0 Joules
[   11.167399] hw unit of domain dram 2^-0 Joules
[   11.190202] hw unit of domain pp1-gpu 2^-0 Joules
[   11.212190] platform rtc_cmos: registered platform RTC device (no PNP device found)
[   11.248193] Scanning for low memory corruption every 60 seconds
[   11.256599] audit: initializing netlink subsys (disabled)
[   11.285318] audit: type=2000 audit(1508321612.075:1): initialized
[   11.308401] Initialise system trusted keyring
[   11.335120] HugeTLB registered 2 MB page size, pre-allocated 0 pages
[   11.375612] zbud: loaded
[   11.395932] VFS: Disk quotas dquot_6.6.0
[   11.423320] VFS: Dquot-cache hash table entries: 512 (order 0, 4096 bytes)
[   11.473686] squashfs: version 4.0 (2009/01/31) Phillip Lougher
[   11.603195] fuse init (API version 7.23)
[   11.645400] Key type big_key registered
[   11.694480] Allocating IMA MOK and blacklist keyrings.
[   11.761485] Key type asymmetric registered
[   11.808350] Asymmetric key parser 'x509' registered
[   11.859147] Block layer SCSI generic (bsg) driver version 0.4 loaded (major 249)
[   11.949413] io scheduler noop registered
[   11.982981] io scheduler deadline registered (default)
[   12.046024] io scheduler cfq registered
[   12.086085] pci_hotplug: PCI Hot Plug PCI Core version: 0.5
[   12.117544] pciehp: PCI Express Hot Plug Controller Driver version: 0.4
[   12.173510] ACPI: AC Adapter [AC] (off-line)
[   12.208496] input: Power Button as /devices/LNXSYSTM:00/LNXPWRBN:00/input/input0
[   12.216225] tsc: Refined TSC clocksource calibration: 1800.083 MHz
[   12.298463] clocksource: tsc: mask: 0xffffffffffffffff max_cycles: 0x19f277e4506, max_idle_ns: 440795207871 ns
[   12.298508] ACPI: Power Button [PWRF]
ÿ[   12.298635] input: Sleep Button as /devices/LNXSYSTM:00/LNXSLPBN:00/input/input1
[   12.298637] ACPI: Sleep Button [SLPF]
[   12.486590] GHES: HEST is not enabled!
[   12.488149] ACPI: Battery Slot [BAT0] (battery present)
[   12.488216] Serial: 8250/16550 driver, 32 ports, IRQ sharing enabled
[   12.551836] 00:02: ttyS0 at I/O 0x3f8 (irq = 4, base_baud = 115200) is a 16550A
[   12.608449] Linux agpgart interface v0.103
[   12.624875] loop: module loaded
[   12.625462] scsi host0: ata_piix
[   12.625517] scsi host1: ata_piix
[   12.625546] ata1: PATA max UDMA/33 cmd 0x1f0 ctl 0x3f6 bmdma 0xd000 irq 14
[   12.625547] ata2: PATA max UDMA/33 cmd 0x170 ctl 0x376 bmdma 0xd008 irq 15
[   12.625626] libphy: Fixed MDIO Bus: probed
[   12.625629] tun: Universal TUN/TAP device driver, 1.6
[   12.625629] tun: (C) 1999-2004 Max Krasnyansky <maxk@qualcomm.com>
[   12.625942] PPP generic driver version 2.4.2
[   12.626005] ehci_hcd: USB 2.0 'Enhanced' Host Controller (EHCI) Driver
[   12.626009] ehci-pci: EHCI PCI platform driver
[   12.626028] ehci-platform: EHCI generic platform driver
[   12.626037] ohci_hcd: USB 1.1 'Open' Host Controller (OHCI) Driver
[   12.626040] ohci-pci: OHCI PCI platform driver
[   12.626051] ohci-platform: OHCI generic platform driver
[   12.626058] uhci_hcd: USB Universal Host Controller Interface driver
[   12.626116] i8042: PNP: PS/2 Controller [PNP0303:PS2K,PNP0f03:PS2M] at 0x60,0x64 irq 1,12
[   12.682347] serio: i8042 KBD port at 0x60,0x64 irq 1
[   12.682354] serio: i8042 AUX port at 0x60,0x64 irq 12
[   12.682539] mousedev: PS/2 mouse device common for all mice
[   12.682857] rtc_cmos rtc_cmos: rtc core: registered rtc_cmos as rtc0
[   12.682915] rtc_cmos rtc_cmos: alarms up to one day, 114 bytes nvram
[   12.682921] i2c /dev entries driver
[   12.682981] device-mapper: uevent: version 1.0.3
[   12.683033] device-mapper: ioctl: 4.34.0-ioctl (2015-10-28) initialised: dm-devel@redhat.com
[   12.683047] ledtrig-cpu: registered to indicate activity on CPUs
[   12.683315] NET: Registered protocol family 10
[   12.683456] NET: Registered protocol family 17
[   12.683464] Key type dns_resolver registered
[   12.741625] microcode: CPU0 sig=0x306d4, pf=0x40, revision=0x0
[   12.741718] microcode: CPU1 sig=0x306d4, pf=0x40, revision=0x0
[   12.741782] microcode: Microcode Update Driver: v2.01 <tigran@aivazian.fsnet.co.uk>, Peter Oruba
[   12.741906] registered taskstats version 1
[   12.741923] Loading compiled-in X.509 certificates
[   12.742701] Loaded X.509 cert 'Build time autogenerated kernel key: d1010f9627fd9242df4b03365d2931dfd1ad3d42'
[   12.742724] zswap: loaded using pool lzo/zbud
[   12.744478] Key type trusted registered
[   12.746801] Key type encrypted registered
[   12.746808] AppArmor: AppArmor sha1 policy hashing enabled
[   12.746811] ima: No TPM chip found, activating TPM-bypass!
[   12.746831] evm: HMAC attrs: 0x1
[   12.747140]   Magic number: 5:604:224
[   12.759629] rtc_cmos rtc_cmos: setting system clock to 2017-10-18 10:13:36 UTC (1508321616)
[   12.759773] BIOS EDD facility v0.16 2004-Jun-25, 0 devices found
[   12.759774] EDD information not available.
[   12.922910] input: AT Translated Set 2 keyboard as /devices/platform/i8042/serio0/input/input2
[   14.499784] Freeing unused kernel memory: 1492K
[   14.509231] Write protecting the kernel read-only data: 14336k
[   14.514920] Freeing unused kernel memory: 1748K
[   14.519475] Freeing unused kernel memory: 112K
Loading, please wait...
starting version[   14.560067] random: systemd-udevd: uninitialized urandom read (16 bytes read, 7 bits of entropy available)
 229
[   14.561073] random: udevadm: uninitialized urandom read (16 bytes read, 7 bits of entropy available)
[   14.561129] random: udevadm: uninitialized urandom read (16 bytes read, 7 bits of entropy available)
[   14.561400] random: udevadm: uninitialized urandom read (16 bytes read, 7 bits of entropy available)
[   14.561467] random: udevadm: uninitialized urandom read (16 bytes read, 7 bits of entropy available)
[   14.561528] random: udevadm: uninitialized urandom read (16 bytes read, 7 bits of entropy available)
[   14.561599] random: udevadm: uninitialized urandom read (16 bytes read, 7 bits of entropy available)
[   14.561668] random: udevadm: uninitialized urandom read (16 bytes read, 7 bits of entropy available)
[   14.561724] random: udevadm: uninitialized urandom read (16 bytes read, 7 bits of entropy available)
[   14.561791] random: udevadm: uninitialized urandom read (16 bytes read, 7 bits of entropy available)
[   15.310690] e1000: Intel(R) PRO/1000 Network Driver - version 7.3.21-k8-NAPI
[   15.326318] e1000: Copyright (c) 1999-2006 Intel Corporation.
[   15.342347] Fusion MPT base driver 3.04.20
[   15.358437] Copyright (c) 1999-2008 LSI Corporation
[   15.368203] Fusion MPT SPI Host driver 3.04.20
[   15.380980] AVX version of gcm_enc/dec engaged.
[   15.423228] AES CTR mode by8 optimization enabled
[   15.425925] mptbase: ioc0: Initiating bringup
[   15.490234] ioc0: LSI53C1030 A0: Capabilities={Initiator}
[   15.578685] input: ImExPS/2 Generic Explorer Mouse as /devices/platform/i8042/serio1/input/input4
[   15.809720] scsi host2: ioc0: LSI53C1030 A0, FwRev=00000000h, Ports=1, MaxQ=256, IRQ=20
[   16.090595] scsi 2:0:0:0: Direct-Access     VBOX     HARDDISK         1.0  PQ: 0 ANSI: 5
[   16.219240] scsi target2:0:0: Beginning Domain Validation
[   16.263219] scsi target2:0:0: Domain Validation skipping write tests
[   16.327986] scsi target2:0:0: Ending Domain Validation
[   16.329404] scsi target2:0:0: asynchronous
[   16.338069] scsi 2:0:1:0: Direct-Access     VBOX     HARDDISK         1.0  PQ: 0 ANSI: 5
[   16.340290] scsi target2:0:1: Beginning Domain Validation
[   16.373581] scsi target2:0:1: Domain Validation skipping write tests
[   16.417299] scsi target2:0:1: Ending Domain Validation
[   16.449556] scsi target2:0:1: asynchronous
[   16.462377] sd 2:0:0:0: Attached scsi generic sg0 type 0
[   16.495580] sd 2:0:0:0: [sda] 20971520 512-byte logical blocks: (10.7 GB/10.0 GiB)
[   16.521418] sd 2:0:0:0: [sda] Write Protect is off
[   16.522918] sd 2:0:0:0: [sda] Incomplete mode parameter data
[   16.535818] sd 2:0:0:0: [sda] Assuming drive cache: write through
[   16.563961] sd 2:0:1:0: Attached scsi generic sg1 type 0
[   16.584104] sd 2:0:1:0: [sdb] 20480 512-byte logical blocks: (10.5 MB/10.0 MiB)
[   16.606328] sd 2:0:1:0: [sdb] Write Protect is off
[   16.610540] sd 2:0:1:0: [sdb] Incomplete mode parameter data
[   16.623968] sd 2:0:1:0: [sdb] Assuming drive cache: write through
[   16.626698]  sda: sda1
[   16.628646] sd 2:0:0:0: [sda] Attached SCSI disk
[   16.666518] sd 2:0:1:0: [sdb] Attached SCSI disk
[   16.675313] e1000 0000:00:03.0 eth0: (PCI:33MHz:32-bit) 02:14:68:3e:84:47
[   16.737595] e1000 0000:00:03.0 eth0: Intel(R) PRO/1000 Network Connection
[   17.143087] e1000 0000:00:08.0 eth1: (PCI:33MHz:32-bit) 08:00:27:e5:16:1f
[   17.213018] e1000 0000:00:08.0 eth1: Intel(R) PRO/1000 Network Connection
[   17.223928] e1000 0000:00:03.0 enp0s3: renamed from eth0
[   17.313671] e1000 0000:00:08.0 enp0s8: renamed from eth1
[   18.369551] floppy0: no floppy controllers found
[   18.459742] work still pending
Begin: Loading e[   19.865228] md: linear personality registered for level -1
ssential drivers[   20.001225] md: multipath personality registered for level -4
 ... [   20.073569] md: raid0 personality registered for level 0
[   20.081626] md: raid1 personality registered for level 1
[   20.173325] raid6: sse2x1   gen()  5676 MB/s
[   20.261256] raid6: sse2x1   xor()  5882 MB/s
[   20.373294] raid6: sse2x2   gen()  9703 MB/s
[   20.445373] raid6: sse2x2   xor()  5726 MB/s
[   20.557304] raid6: sse2x4   gen() 11456 MB/s
[   20.673434] raid6: sse2x4   xor()  8406 MB/s
[   20.715387] raid6: using algorithm sse2x4 gen() 11456 MB/s
[   20.727368] raid6: .... xor() 8406 MB/s, rmw enabled
[   20.778632] raid6: using ssse3x2 recovery algorithm
[   20.781134] xor: automatically using best checksumming function:
[   20.821422]    avx       : 22869.000 MB/sec
[   20.871019] async_tx: api initialized (async)
[   20.928869] md: raid6 personality registered for level 6
[   20.932536] md: raid5 personality registered for level 5
[   21.006875] md: raid4 personality registered for level 4
[   21.069173] md: raid10 personality registered for level 10
done.
Begin: Running /scripts/init-premount ... done[   21.147944] Btrfs loaded
.
Begin: Mounting root file system ... Begin: Running /scripts/local-top ... done.
Begin: Running /scripts/local-premount ... Scanning for Btrfs filesystems
[   21.252484] EXT4-fs (sda1): mounted filesystem with ordered data mode. Opts: (null)
done.
Warning: fsck not present, so skipping root file system
done.
Begin: Running /scripts/local-bottom ... done.
Begin: Running /scripts/init-bottom ... done.
[   21.448854] systemd[1]: systemd 229 running in system mode. (+PAM +AUDIT +SELINUX +IMA +APPARMOR +SMACK +SYSVINIT +UTMP +LIBCRYPTSETUP +GCRYPT +GNUTLS +ACL +XZ -LZ4 +SECCOMP +BLKID +ELFUTILS +KMOD -IDN)
[   21.556139] systemd[1]: Detected virtualization oracle.
[   21.575143] systemd[1]: Detected architecture x86-64.

Welcome to [1mUbuntu 16.04.3 LTS[0m!

[   21.675641] systemd[1]: Set hostname to <ubuntu-xenial>.
[   21.996456] systemd[1]: Listening on Device-mapper event daemon FIFOs.
[[0;32m  OK  [0m] Listening on Device-mapper event daemon FIFOs.
[   22.037864] systemd[1]: Reached target Swap.
[[0;32m  OK  [0m] Reached target Swap.
[   22.138037] systemd[1]: Listening on Journal Audit Socket.
[[0;32m  OK  [0m] Listening on Journal Audit Socket.
[   22.182157] systemd[1]: Reached target User and Group Name Lookups.
[[0;32m  OK  [0m] Reached target User and Group Name Lookups.
[   22.333641] systemd[1]: Listening on LVM2 metadata daemon socket.
[[0;32m  OK  [0m] Listening on LVM2 metadata daemon socket.
[   22.425719] systemd[1]: Listening on Journal Socket (/dev/log).
[[0;32m  OK  [0m] Listening on Journal Socket (/dev/log).
[   22.574110] systemd[1]: Listening on /dev/initctl Compatibility Named Pipe.
[[0;32m  OK  [0m] Listening on /dev/initctl Compatibility Named Pipe.
[   22.726176] systemd[1]: Created slice System Slice.
[[0;32m  OK  [0m] Created slice System Slice.
[   22.838939] systemd[1]: Listening on Journal Socket.
[[0;32m  OK  [0m] Listening on Journal Socket.
[   22.954154] systemd[1]: Mounting Debug File System...
[   23.025976] random: nonblocking pool is initialized
         Mounting Debug File System...
[   23.081866] systemd[1]: Listening on LVM2 poll daemon socket.
[[0;32m  OK  [0m] Listening on LVM2 poll daemon socket.
[   23.178307] systemd[1]: Starting Set console keymap...
         Starting Set console keymap...
[   23.253375] systemd[1]: Created slice User and Session Slice.
[[0;32m  OK  [0m] Created slice User and Session Slice.
[   23.261425] systemd[1]: Started Forward Password Requests to Wall Directory Watch.
[[0;32m  OK  [0m] Started Forward Password Requests to Wall Directory Watch.
[   23.397921] systemd[1]: Listening on udev Kernel Socket.
[[0;32m  OK  [0m] Listening on udev Kernel Socket.
[   23.557684] systemd[1]: Mounting POSIX Message Queue File System...
         Mounting POSIX Message Queue File System...
[   23.658521] systemd[1]: Starting Monitoring of LVM2 mirrors, snapshots etc. using dmeventd or progress polling...
         Starting Monitoring of LVM2 mirrors... dmeventd or progress polling...
[   23.829665] systemd[1]: Reached target Encrypted Volumes.
[[0;32m  OK  [0m] Reached target Encrypted Volumes.
[   24.001798] systemd[1]: Starting Uncomplicated firewall...
         Starting Uncomplicated firewall...
[   24.078038] systemd[1]: Starting Create list of required static device nodes for the current kernel...
         Starting Create list of required st... nodes for the current kernel...
[   24.165751] systemd[1]: Listening on udev Control Socket.
[[0;32m  OK  [0m] Listening on udev Control Socket.
[   24.253874] systemd[1]: Listening on Syslog Socket.
[[0;32m  OK  [0m] Listening on Syslog Socket.
[   24.325980] systemd[1]: Starting Journal Service...
         Starting Journal Service...
[   24.382270] systemd[1]: Starting Remount Root and Kernel File Systems...
         [   24.428128] EXT4-fs (sda1): re-mounted. Opts: (null)
Starting Remount Root and Kernel File Systems...
[   24.470106] systemd[1]: Started Trigger resolvconf update for networkd DNS.
[[0;32m  OK  [0m] Started Trigger resolvconf update for networkd DNS.
[   24.505107] systemd[1]: Set up automount Arbitrary Executable File Formats File System Automount Point.
[[0;32m  OK  [0m] Set up automount Arbitrary Executab...ats File System Automount Point.
[   24.645619] systemd[1]: Starting Load Kernel Modules...
         Starting Load Kernel Modules...
[   24.704542] systemd[1]: Starting Nameserver information manager...
         [   24.781730] Loading iSCSI transport class v2.0-870.
Starting Nameserver information manager...
[   24.837106] iscsi: registered transport (tcp)
[   24.931596] systemd[1]: Created slice system-serial\x2dgetty.slice.
[[0;32m  OK  [0m] Created slice system-serial\x2dgetty.slice.
[   25.013742] systemd[1]: Mounting Huge Pages File System...
[   25.044188] iscsi: registered transport (iser)
         Mounting Huge Pages File System...
[   25.095943] systemd[1]: Reached target Slices.
[[0;32m  OK  [0m] Reached target Slices.
[   25.224198] systemd[1]: Mounted Debug File System.
[[0;32m  OK  [0m] Mounted Debug File System.
[   25.314213] systemd[1]: Mounted Huge Pages File System.
[[0;32m  OK  [0m] Mounted Huge Pages File System.
[   25.359195] systemd[1]: Mounted POSIX Message Queue File System.
[[0;32m  OK  [0m] Mounted POSIX Message Queue File System.
[   25.414379] systemd[1]: Started Journal Service.
[[0;32m  OK  [0m] Started Journal Service.
[[0;32m  OK  [0m] Started Set console keymap.
[[0;32m  OK  [0m] Started Uncomplicated firewall.
[[0;32m  OK  [0m] Started Create list of required sta...ce nodes for the current kernel.
[[0;32m  OK  [0m] Started Remount Root and Kernel File Systems.
[[0;32m  OK  [0m] Started Load Kernel Modules.
[[0;32m  OK  [0m] Started Nameserver information manager.
[[0;32m  OK  [0m] Started LVM2 metadata daemon.
         Starting Apply Kernel Variables...
         Mounting FUSE Control File System...
         Starting Initial cloud-init job (pre-networking)...
         Starting udev Coldplug all Devices...
         Starting Load/Save Random Seed...
         Starting Create Static Device Nodes in /dev...
         Starting Flush Journal to Persistent Storage...
[[0;32m  OK  [0m] Mounted FUSE Control File System.
[[0;32m  OK  [0m] Started Apply Kernel Variables.
[[0;32m  OK  [0m] Started Load/Save Random Seed.
[[0;32m  OK  [0m] Started Create Static Device Nodes in /dev.
[[0;32m  OK  [0m] Started udev Coldplug all Devices.
[[0;32m  OK  [0m] Started Flush Journal to Persistent Storage.
         Starting udev Kernel Device Manager...
[[0;32m  OK  [0m] Started udev Kernel Device Manager.
[[0;32m  OK  [0m] Started Monitoring of LVM2 mirrors,...ng dmeventd or progress polling.
[[0;32m  OK  [0m] Started Dispatch Password Requests to Console Directory Watch.
[[0;32m  OK  [0m] Reached target Local File Systems (Pre).
[[0;32m  OK  [0m] Reached target Local File Systems.
         Starting Create Volatile Files and Directories...
         Starting Tell Plymouth To Write Out Runtime Data...
         Starting Set console font and keymap...
         Starting LSB: AppArmor initialization...
[[0;32m  OK  [0m] Started Create Volatile Files and Directories.
[[0;32m  OK  [0m] Started Tell Plymouth To Write Out Runtime Data.
[[0;32m  OK  [0m] Found device /dev/ttyS0.
[[0;32m  OK  [0m] Reached target System Time Synchronized.
         Starting Update UTMP about System Boot/Shutdown...
[[0;32m  OK  [0m] Started LSB: AppArmor initialization.
[[0;32m  OK  [0m] Started Update UTMP about System Boot/Shutdown.
[   20.420227] cloud-init[448]: Cloud-init v. 0.7.9 running 'init-local' at Wed, 18 Oct 2017 10:13:50 +0000. Up 19.96 seconds.
[[0;32m  OK  [0m] Listening on Load/Save RF Kill Switch Status /dev/rfkill Watch.
[[0;32m  OK  [0m] Started Set console font and keymap.
[[0;32m  OK  [0m] Started Initial cloud-init job (pre-networking).
[[0;32m  OK  [0m] Found device 82540EM Gigabit Ethern...r (PRO/1000 MT Desktop Adapter).
[[0;32m  OK  [0m] Found device 82540EM Gigabit Ethern...r (PRO/1000 MT Desktop Adapter).
[[0;32m  OK  [0m] Reached target Network (Pre).
[[0;32m  OK  [0m] Started ifup for enp0s8.
         Starting Raise network interfaces...
[[0;32m  OK  [0m] Started ifup for enp0s3.
[[0;32m  OK  [0m] Created slice system-getty.slice.
[[0;32m  OK  [0m] Started Raise network interfaces.
[[0;32m  OK  [0m] Reached target Network.
         Starting Initial cloud-init job (metadata service crawler)...
[   23.111696] cloud-init[1051]: Cloud-init v. 0.7.9 running 'init' at Wed, 18 Oct 2017 10:13:53 +0000. Up 22.67 seconds.
[   23.180554] [cloud-init[0;32m  OK  [0m[1051]: ] ci-info: ++++++++++++++++++++++++++++++++++++++Net device info++++++++++++++++++++++++++++++++++++++Started Initial cloud-init job (metadata service crawler).

[   23.181092] cloud-init[1051]: ci-info: +--------+------+-----------------------------+---------------+-------+-------------------+
[   23.360775] [cloud-init[0;32m  OK  [0m[1051]: ] ci-info: | Device |  Up  |           Address           |      Mask     | Scope |     Hw-Address    |Reached target Network is Online.

[   23.361867] cloud-init[1051]: ci-info: +--------+------+-----------------------------+---------------+-------+-------------------+
[   23.565312]          cloud-initStarting iSCSI initiator daemon (iscsid)...[1051]: 
ci-info: |   lo   | True |          127.0.0.1          |   255.0.0.0   |   .   |         .         |
[   23.607327] cloud-init[[1051]: [0;32m  OK  [0mci-info: |   lo   | True |           ::1/128           |       .       |  host |         .         |] 
Reached target Cloud-config availability.
[[0;32m  OK  [0m] Reached target System Initialization.
[[0;32m  OK  [0m] Started Daily Cleanup of Temporary Directories.
[   23.608323] cloud-init[1051]: ci-info: | enp0s3 | True |          10.0.2.15          | 255.255.255.0 |   .   | 02:14:68:3e:84:47 |
[   23.890176] [cloud-init[0;32m  OK  [0m[1051]: ] ci-info: | enp0s3 | True |  fe80::14:68ff:fe3e:8447/64 |       .       |  link | 02:14:68:3e:84:47 |Listening on ACPID Listen Socket.

[   23.891365] cloud-init[1051]: ci-info: | enp0s8 | True |        192.168.10.100       | 255.255.255.0 |   .   | 08:00:27:e5:16:1f |
[   24.076667]          cloud-initStarting LXD - unix socket.[1051]: 
ci-info: | enp0s8 | True | fe80::a00:27ff:fee5:161f/64 |       .       |  link | 08:00:27:e5:16:1f |
[   24.152473] [cloud-init[0;32m  OK  [0m[1051]: ] ci-info: +--------+------+-----------------------------+---------------+-------+-------------------+Started Timer to automatically refresh installed snaps.

[[0;32m  OK  [0m] Listening on D-Bus System Message Bus Socket.
[[0;32m  OK  [0m] Listening on UUID daemon activation socket.
[   24.153232] cloud-init[1051]: ci-info: ++++++++++++++++++++++++++++Route IPv4 info++++++++++++++++++++++++++++
[   24.348651] [cloud-init[0;32m  OK  [0m[1051]: ] ci-info: +-------+--------------+----------+---------------+-----------+-------+Started Daily apt download activities.

[[0;32m  OK  [0m] Started Daily apt upgrade and clean activities.
[   24.349812] cloud-init[1051]: ci-info: | Route | Destination  | Gateway  |    Genmask    | Interface | Flags |
[[0;32m  OK  [0m] Started ACPI Events Check.
[[0;32m  OK  [0m] Reached target Paths.
[   24.532547] cloud-init[1051]: ci-info: +-------+--------------+----------+---------------+-----------+-------+
[   24.660763]          cloud-initStarting Socket activation for snappy daemon.[1051]: 
ci-info: |   0   |   0.0.0.0    | 10.0.2.2 |    0.0.0.0    |   enp0s3  |   UG  |
[   24.768444] [cloud-init[0;32m  OK  [0m[1051]: ] ci-info: |   1   |   10.0.2.0   | 0.0.0.0  | 255.255.255.0 |   enp0s3  |   U   |Started Timer to automatically fetch and run repair assertions.

[[0;32m  OK  [0m] Reached target Timers.
[   24.769272] cloud-init[1051]: ci-info: |   2   | 192.168.10.0 | 0.0.0.0  | 255.255.255.0 |   enp0s8  |   U   |
[   24.992585] cloud-init[1051]: ci-info: +-------+--------------+----------+---------------+-----------+-------+
[[0;32m  OK  [0m] Listening on LXD - unix socket.
[[0;32m  OK  [0m] Listening on Socket activation for snappy daemon.
[[0;32m  OK  [0m] Started iSCSI initiator daemon (iscsid).
         Starting Login to default iSCSI targets...
[[0;32m  OK  [0m] Reached target Sockets.
[[0;32m  OK  [0m] Reached target Basic System.
[[0;32m  OK  [0m] Started ACPI event daemon.
[[0;32m  OK  [0m] Started Unattended Upgrades Shutdown.
[[0;32m  OK  [0m] Started D-Bus System Message Bus.
         Starting System Logging Service...
[[0;32m  OK  [0m] Started Deferred execution scheduler.
         Starting Login Service...
         Starting LSB: Record successful boot for GRUB...
         Starting Apply the settings specified in cloud-config...
         Starting Accounts Service...
         Starting /etc/rc.local Compatibility...
[[0;32m  OK  [0m] Started FUSE filesystem for LXC.
         Starting OpenBSD Secure Shell server...
         Starting LSB: MD monitoring daemon...
[[0;32m  OK  [0m] Started Regular background program processing daemon.
         Starting Snappy daemon...
         Starting LXD - container startup/shutdown...
[[0;32m  OK  [0m] Started System Logging Service.
[[0;32m  OK  [0m] Started OpenBSD Secure Shell server.
[[0;32m  OK  [0m] Started /etc/rc.local Compatibility.
[[0;32m  OK  [0m] Started LXD - container startup/shutdown.
[[0;32m  OK  [0m] Started Snappy daemon.
[[0;32m  OK  [0m] Started Login to default iSCSI targets.
[   26.058674] cloud-init[1131]: Cloud-init v. 0.7.9 running 'modules:config' at Wed, 18 Oct 2017 10:13:56 +0000. Up 25.85 seconds.
[[0;32m  OK  [0m] Started LSB: Record successful boot for GRUB.
[[0;32m  OK  [0m] Started Apply the settings specified in cloud-config.
[[0;32m  OK  [0m] Started LSB: MD monitoring daemon.
[[0;32m  OK  [0m] Started Login Service.
         Starting Authenticate and Authorize Users to Run Privileged Tasks...
[[0;32m  OK  [0m] Reached target Remote File Systems (Pre).
[[0;32m  OK  [0m] Reached target Remote File Systems.
         Starting LSB: VirtualBox Linux Additions...
         Starting LSB: daemon to balance interrupts for SMP systems...
         Starting LSB: automatic crash report generation...
         Starting LSB: Set the CPU Frequency Scaling governor to "ondemand"...
         Starting Permit User Sessions...
         Starting Auto import assertions from block devices...
[[0;32m  OK  [0m] Started Permit User Sessions.
[[0;32m  OK  [0m] Started Auto import assertions from block devices.
[[0;32m  OK  [0m] Started Authenticate and Authorize Users to Run Privileged Tasks.
[[0;32m  OK  [0m] Started Accounts Service.
[[0;32m  OK  [0m] Started LSB: Set the CPU Frequency Scaling governor to "ondemand".
[[0;32m  OK  [0m] Started LSB: daemon to balance interrupts for SMP systems.
[[0;32m  OK  [0m] Started LSB: VirtualBox Linux Additions.
[[0;32m  OK  [0m] Started LSB: automatic crash report generation.
         Starting Hold until boot process finishes up...
         Starting Terminate Plymouth Boot Screen...
[[0;32m  OK  [0m] Started Hold until boot process finishes up.
[[0;32m  OK  [0m] Started Terminate Plymouth Boot Screen.
[[0;32m  OK  [0m] Started Getty on tty1.
         Starting Set console scheme...
[[0;32m  OK  [0m] Started Serial Getty on ttyS0.
[[0;32m  OK  [0m] Reached target Login Prompts.
[[0;32m  OK  [0m] Reached target Multi-User System.
[[0;32m  OK  [0m] Reached target Graphical Interface.
         Starting Execute cloud user/final scripts...
         Starting Update UTMP about System Runlevel Changes...
[[0;32m  OK  [0m] Started Set console scheme.
[[0;32m  OK  [0m] Started Update UTMP about System Runlevel Changes.
[[0;32m  OK  [0m] Created slice User Slice of ubuntu.
[[0;32m  OK  [0m] Started Session 1 of user ubuntu.
         Starting User Manager for UID 1000...
[[0;32m  OK  [0m] Started User Manager for UID 1000.
[   27.979489] cloud-init[1284]: Cloud-init v. 0.7.9 running 'modules:final' at Wed, 18 Oct 2017 10:13:58 +0000. Up 27.80 seconds.
[   27.991254] cloud-init[1284]: Cloud-init v. 0.7.9 finished at Wed, 18 Oct 2017 10:13:58 +0000. Datasource DataSourceNoCloud [seed=/dev/sdb][dsmode=net].  Up 27.97 seconds
[[0;32m  OK  [0m] Started Execute cloud user/final scripts.
[[0;32m  OK  [0m] Reached target Cloud-init target.

Ubuntu 16.04.3 LTS ubuntu-xenial ttyS0

ubuntu-xenial login: 